This is XeTeX, Version 3.14159265-2.6-0.99992 (TeX Live 2015) (preloaded format=xelatex 2015.11.15)  19 OCT 2017 15:08
entering extended mode
 restricted \write18 enabled.
 %&-line parsing enabled.
**main.tex
(./main.tex
LaTeX2e <2015/01/01>
Babel <3.9l> and hyphenation patterns for 79 languages loaded.
(/usr/local/texlive/2015/texmf-dist/tex/latex/base/report.cls
Document Class: report 2014/09/29 v1.4h Standard LaTeX document class
(/usr/local/texlive/2015/texmf-dist/tex/latex/base/size10.clo
File: size10.clo 2014/09/29 v1.4h Standard LaTeX file (size option)
)
\c@part=\count79
\c@chapter=\count80
\c@section=\count81
\c@subsection=\count82
\c@subsubsection=\count83
\c@paragraph=\count84
\c@subparagraph=\count85
\c@figure=\count86
\c@table=\count87
\abovecaptionskip=\skip41
\belowcaptionskip=\skip42
\bibindent=\dimen102
)
(/usr/local/texlive/2015/texmf-dist/tex/latex/amsmath/amsmath.sty
Package: amsmath 2013/01/14 v2.14 AMS math features
\@mathmargin=\skip43

For additional information on amsmath, use the `?' option.
(/usr/local/texlive/2015/texmf-dist/tex/latex/amsmath/amstext.sty
Package: amstext 2000/06/29 v2.01

(/usr/local/texlive/2015/texmf-dist/tex/latex/amsmath/amsgen.sty
File: amsgen.sty 1999/11/30 v2.0
\@emptytoks=\toks14
\ex@=\dimen103
))
(/usr/local/texlive/2015/texmf-dist/tex/latex/amsmath/amsbsy.sty
Package: amsbsy 1999/11/29 v1.2d
\pmbraise@=\dimen104
)
(/usr/local/texlive/2015/texmf-dist/tex/latex/amsmath/amsopn.sty
Package: amsopn 1999/12/14 v2.01 operator names
)
\inf@bad=\count88
LaTeX Info: Redefining \frac on input line 210.
\uproot@=\count89
\leftroot@=\count90
LaTeX Info: Redefining \overline on input line 306.
\classnum@=\count91
\DOTSCASE@=\count92
LaTeX Info: Redefining \ldots on input line 378.
LaTeX Info: Redefining \dots on input line 381.
LaTeX Info: Redefining \cdots on input line 466.
\Mathstrutbox@=\box26
\strutbox@=\box27
\big@size=\dimen105
LaTeX Font Info:    Redeclaring font encoding OML on input line 566.
LaTeX Font Info:    Redeclaring font encoding OMS on input line 567.
\macc@depth=\count93
\c@MaxMatrixCols=\count94
\dotsspace@=\muskip10
\c@parentequation=\count95
\dspbrk@lvl=\count96
\tag@help=\toks15
\row@=\count97
\column@=\count98
\maxfields@=\count99
\andhelp@=\toks16
\eqnshift@=\dimen106
\alignsep@=\dimen107
\tagshift@=\dimen108
\tagwidth@=\dimen109
\totwidth@=\dimen110
\lineht@=\dimen111
\@envbody=\toks17
\multlinegap=\skip44
\multlinetaggap=\skip45
\mathdisplay@stack=\toks18
LaTeX Info: Redefining \[ on input line 2665.
LaTeX Info: Redefining \] on input line 2666.
)
(/usr/local/texlive/2015/texmf-dist/tex/latex/amsfonts/amssymb.sty
Package: amssymb 2013/01/14 v3.01 AMS font symbols

(/usr/local/texlive/2015/texmf-dist/tex/latex/amsfonts/amsfonts.sty
Package: amsfonts 2013/01/14 v3.01 Basic AMSFonts support
\symAMSa=\mathgroup4
\symAMSb=\mathgroup5
LaTeX Font Info:    Overwriting math alphabet `\mathfrak' in version `bold'
(Font)                  U/euf/m/n --> U/euf/b/n on input line 106.
))
(/usr/local/texlive/2015/texmf-dist/tex/latex/amscls/amsthm.sty
Package: amsthm 2015/03/04 v2.20.2
\thm@style=\toks19
\thm@bodyfont=\toks20
\thm@headfont=\toks21
\thm@notefont=\toks22
\thm@headpunct=\toks23
\thm@preskip=\skip46
\thm@postskip=\skip47
\thm@headsep=\skip48
\dth@everypar=\toks24
)
(/usr/local/texlive/2015/texmf-dist/tex/latex/mathtools/mathtools.sty
Package: mathtools 2015/05/11 v1.16 mathematical typesetting tools

(/usr/local/texlive/2015/texmf-dist/tex/latex/graphics/keyval.sty
Package: keyval 2014/10/28 v1.15 key=value parser (DPC)
\KV@toks@=\toks25
)
(/usr/local/texlive/2015/texmf-dist/tex/latex/tools/calc.sty
Package: calc 2014/10/28 v4.3 Infix arithmetic (KKT,FJ)
\calc@Acount=\count100
\calc@Bcount=\count101
\calc@Adimen=\dimen112
\calc@Bdimen=\dimen113
\calc@Askip=\skip49
\calc@Bskip=\skip50
LaTeX Info: Redefining \setlength on input line 80.
LaTeX Info: Redefining \addtolength on input line 81.
\calc@Ccount=\count102
\calc@Cskip=\skip51
)
(/usr/local/texlive/2015/texmf-dist/tex/latex/mathtools/mhsetup.sty
Package: mhsetup 2010/01/21 v1.2a programming setup (MH)
)
LaTeX Info: Thecontrolsequence`\('isalreadyrobust on input line 129.
LaTeX Info: Thecontrolsequence`\)'isalreadyrobust on input line 129.
LaTeX Info: Thecontrolsequence`\['isalreadyrobust on input line 129.
LaTeX Info: Thecontrolsequence`\]'isalreadyrobust on input line 129.
\g_MT_multlinerow_int=\count103
\l_MT_multwidth_dim=\dimen114
\origjot=\skip52
\l_MT_shortvdotswithinadjustabove_dim=\dimen115
\l_MT_shortvdotswithinadjustbelow_dim=\dimen116
\l_MT_above_intertext_sep=\dimen117
\l_MT_below_intertext_sep=\dimen118
\l_MT_above_shortintertext_sep=\dimen119
\l_MT_below_shortintertext_sep=\dimen120
)
(/usr/local/texlive/2015/texmf-dist/tex/latex/lkproof/proof.sty
\inferLineSkip=\dimen121
\inferLabelSkip=\dimen122
\@LeftOffset=\dimen123
\@RightOffset=\dimen124
\@SavedLeftOffset=\dimen125
\UpperWidth=\dimen126
\LowerWidth=\dimen127
\LowerHeight=\dimen128
\UpperLeftOffset=\dimen129
\UpperRightOffset=\dimen130
\UpperCenter=\dimen131
\LowerCenter=\dimen132
\UpperAdjust=\dimen133
\RuleAdjust=\dimen134
\LowerAdjust=\dimen135
\RuleWidth=\dimen136
\HLabelAdjust=\dimen137
\VLabelAdjust=\dimen138
\WidthAdjust=\dimen139
\@UpperPart=\box28
\@LowerPart=\box29
\@LabelPart=\box30
\ResultBox=\box31
)
(/usr/local/texlive/2015/texmf-dist/tex/latex/bussproofs/bussproofs.sty
Proof Tree (bussproofs) style macros. Version 1.1.
\theLevel=\count104
\myMaxLevel=\count105
\myBoxA=\box32
\myBoxB=\box33
\myBoxC=\box34
\myBoxD=\box35
\myBoxLL=\box36
\myBoxRL=\box37
\thisAboveSkip=\dimen140
\thisBelowSkip=\dimen141
\newScoreStart=\dimen142
\newScoreEnd=\dimen143
\newCenter=\dimen144
\displace=\dimen145
\leftLowerAmt=\dimen146
\rightLowerAmt=\dimen147
\scoreHeight=\dimen148
\scoreDepth=\dimen149
\htLbox=\dimen150
\htRbox=\dimen151
\htRRbox=\dimen152
\htRRRbox=\dimen153
\htAbox=\dimen154
\htCbox=\dimen155
) (/usr/local/texlive/2015/texmf-dist/tex/latex/graphics/color.sty
Package: color 2014/10/28 v1.1a Standard LaTeX Color (DPC)

(/usr/local/texlive/2015/texmf-dist/tex/latex/latexconfig/color.cfg
File: color.cfg 2007/01/18 v1.5 color configuration of teTeX/TeXLive
)
Package color Info: Driver file: xetex.def on input line 142.

(/usr/local/texlive/2015/texmf-dist/tex/xelatex/xetex-def/xetex.def
File: xetex.def 2015/03/25 v4.04 LaTeX color/graphics driver for XeTeX (TeX Liv
e/RRM/JK)
))
(/usr/local/texlive/2015/texmf-dist/tex/latex/geometry/geometry.sty
Package: geometry 2010/09/12 v5.6 Page Geometry

(/usr/local/texlive/2015/texmf-dist/tex/generic/oberdiek/ifpdf.sty
Package: ifpdf 2011/01/30 v2.3 Provides the ifpdf switch (HO)
Package ifpdf Info: pdfTeX in PDF mode is not detected.
)
(/usr/local/texlive/2015/texmf-dist/tex/generic/oberdiek/ifvtex.sty
Package: ifvtex 2010/03/01 v1.5 Detect VTeX and its facilities (HO)
Package ifvtex Info: VTeX not detected.
)
(/usr/local/texlive/2015/texmf-dist/tex/generic/ifxetex/ifxetex.sty
Package: ifxetex 2010/09/12 v0.6 Provides ifxetex conditional
)
\Gm@cnth=\count106
\Gm@cntv=\count107
\c@Gm@tempcnt=\count108
\Gm@bindingoffset=\dimen156
\Gm@wd@mp=\dimen157
\Gm@odd@mp=\dimen158
\Gm@even@mp=\dimen159
\Gm@layoutwidth=\dimen160
\Gm@layoutheight=\dimen161
\Gm@layouthoffset=\dimen162
\Gm@layoutvoffset=\dimen163
\Gm@dimlist=\toks26
)
(/usr/local/texlive/2015/texmf-dist/tex/latex/tools/enumerate.sty
Package: enumerate 2014/10/28 v3.00 enumerate extensions (DPC)
\@enLab=\toks27
)
(/usr/local/texlive/2015/texmf-dist/tex/latex/extarrows/extarrows.sty
Package: extarrows 2008/05/15 v1.0b Some extensible arrows
)
(/usr/local/texlive/2015/texmf-dist/tex/latex/tools/verbatim.sty
Package: verbatim 2014/10/28 v1.5q LaTeX2e package for verbatim enhancements
\every@verbatim=\toks28
\verbatim@line=\toks29
\verbatim@in@stream=\read1
)
(/usr/local/texlive/2015/texmf-dist/tex/latex/easylist/easylist.sty
Package: easylist 2014/01/11 v.1.4 Numbered items with a single command.
\el@CounterTotal=\count109
\el@Scratch=\count110
\el@ControlCounter=\count111
\el@CounterLevel=\count112
\c@List1=\count113
\c@List2=\count114
\c@List3=\count115
\c@List4=\count116
\c@List5=\count117
\c@List6=\count118
\c@List7=\count119
\c@List8=\count120
\c@List9=\count121
\c@List10=\count122
\el@ProgressiveDimension=\dimen164
\el@CounterBox=\box38
\el@ControlBox=\box39
\el@TotalMargin=\dimen165
\el@LeftMove=\dimen166
)
(/usr/local/texlive/2015/texmf-dist/tex/latex/mdframed/mdframed.sty
Package: mdframed 2013/07/01 1.9b: mdframed

(/usr/local/texlive/2015/texmf-dist/tex/latex/oberdiek/kvoptions.sty
Package: kvoptions 2011/06/30 v3.11 Key value format for package options (HO)

(/usr/local/texlive/2015/texmf-dist/tex/generic/oberdiek/ltxcmds.sty
Package: ltxcmds 2011/11/09 v1.22 LaTeX kernel commands for general use (HO)
)
(/usr/local/texlive/2015/texmf-dist/tex/generic/oberdiek/kvsetkeys.sty
Package: kvsetkeys 2012/04/25 v1.16 Key value parser (HO)

(/usr/local/texlive/2015/texmf-dist/tex/generic/oberdiek/infwarerr.sty
Package: infwarerr 2010/04/08 v1.3 Providing info/warning/error messages (HO)
)
(/usr/local/texlive/2015/texmf-dist/tex/generic/oberdiek/etexcmds.sty
Package: etexcmds 2011/02/16 v1.5 Avoid name clashes with e-TeX commands (HO)

(/usr/local/texlive/2015/texmf-dist/tex/generic/oberdiek/ifluatex.sty
Package: ifluatex 2010/03/01 v1.3 Provides the ifluatex switch (HO)
Package ifluatex Info: LuaTeX not detected.
)
Package etexcmds Info: Could not find \expanded.
(etexcmds)             That can mean that you are not using pdfTeX 1.50 or
(etexcmds)             that some package has redefined \expanded.
(etexcmds)             In the latter case, load this package earlier.
)))
(/usr/local/texlive/2015/texmf-dist/tex/latex/l3packages/xparse/xparse.sty
(/usr/local/texlive/2015/texmf-dist/tex/latex/l3kernel/expl3.sty
Package: expl3 2015/03/01 v5547 L3 programming layer (loader) 

(/usr/local/texlive/2015/texmf-dist/tex/latex/l3kernel/expl3-code.tex
Package: expl3 2015/03/01 v5547 L3 programming layer (code) 
L3 Module: l3bootstrap 2015/02/28 v5542 L3 Bootstrap code
L3 Module: l3names 2015/02/24 v5535 L3 Namespace for primitives
L3 Module: l3basics 2015/01/27 v5500 L3 Basic definitions
L3 Module: l3expan 2014/11/27 v5472 L3 Argument expansion
L3 Module: l3tl 2015/01/27 v5500 L3 Token lists
L3 Module: l3str 2015/03/01 v5545 L3 Strings
L3 Module: l3seq 2014/08/23 v5354 L3 Sequences and stacks
L3 Module: l3int 2015/02/21 v5529 L3 Integers
\c_max_int=\count123
\l_tmpa_int=\count124
\l_tmpb_int=\count125
\g_tmpa_int=\count126
\g_tmpb_int=\count127
L3 Module: l3quark 2014/08/23 v5354 L3 Quarks
L3 Module: l3prg 2014/08/23 v5354 L3 Control structures
\g__prg_map_int=\count128
L3 Module: l3clist 2014/08/23 v5354 L3 Comma separated lists
L3 Module: l3token 2014/09/15 v5422 L3 Experimental token manipulation
L3 Module: l3prop 2014/08/23 v5354 L3 Property lists
L3 Module: l3msg 2015/02/26 v5537 L3 Messages
L3 Module: l3file 2014/08/24 v5369 L3 File and I/O operations
\l_iow_line_count_int=\count129
\l__iow_target_count_int=\count130
\l__iow_current_line_int=\count131
\l__iow_current_word_int=\count132
\l__iow_current_indentation_int=\count133
L3 Module: l3skip 2014/08/23 v5354 L3 Dimensions and skips
\c_zero_dim=\dimen167
\c_max_dim=\dimen168
\l_tmpa_dim=\dimen169
\l_tmpb_dim=\dimen170
\g_tmpa_dim=\dimen171
\g_tmpb_dim=\dimen172
\c_zero_skip=\skip53
\c_max_skip=\skip54
\l_tmpa_skip=\skip55
\l_tmpb_skip=\skip56
\g_tmpa_skip=\skip57
\g_tmpb_skip=\skip58
\c_zero_muskip=\muskip11
\c_max_muskip=\muskip12
\l_tmpa_muskip=\muskip13
\l_tmpb_muskip=\muskip14
\g_tmpa_muskip=\muskip15
\g_tmpb_muskip=\muskip16
L3 Module: l3keys 2015/01/27 v5500 L3 Key-value interfaces
\g__keyval_level_int=\count134
\l_keys_choice_int=\count135
L3 Module: l3fp 2014/08/22 v5336 L3 Floating points
\c__fp_leading_shift_int=\count136
\c__fp_middle_shift_int=\count137
\c__fp_trailing_shift_int=\count138
\c__fp_big_leading_shift_int=\count139
\c__fp_big_middle_shift_int=\count140
\c__fp_big_trailing_shift_int=\count141
\c__fp_Bigg_leading_shift_int=\count142
\c__fp_Bigg_middle_shift_int=\count143
\c__fp_Bigg_trailing_shift_int=\count144
L3 Module: l3box 2014/08/23 v5354 L3 Experimental boxes
\c_empty_box=\box40
\l_tmpa_box=\box41
\l_tmpb_box=\box42
\g_tmpa_box=\box43
\g_tmpb_box=\box44
L3 Module: l3coffins 2014/08/23 v5354 L3 Coffin code layer
\l__coffin_internal_box=\box45
\l__coffin_internal_dim=\dimen173
\l__coffin_offset_x_dim=\dimen174
\l__coffin_offset_y_dim=\dimen175
\l__coffin_x_dim=\dimen176
\l__coffin_y_dim=\dimen177
\l__coffin_x_prime_dim=\dimen178
\l__coffin_y_prime_dim=\dimen179
\c_empty_coffin=\box46
\l__coffin_aligned_coffin=\box47
\l__coffin_aligned_internal_coffin=\box48
\l_tmpa_coffin=\box49
\l_tmpb_coffin=\box50
\l__coffin_display_coffin=\box51
\l__coffin_display_coord_coffin=\box52
\l__coffin_display_pole_coffin=\box53
\l__coffin_display_offset_dim=\dimen180
\l__coffin_display_x_dim=\dimen181
\l__coffin_display_y_dim=\dimen182
L3 Module: l3color 2014/08/23 v5354 L3 Experimental color support
L3 Module: l3candidates 2015/03/01 v5544 L3 Experimental additions to l3kernel
\l__box_top_dim=\dimen183
\l__box_bottom_dim=\dimen184
\l__box_left_dim=\dimen185
\l__box_right_dim=\dimen186
\l__box_top_new_dim=\dimen187
\l__box_bottom_new_dim=\dimen188
\l__box_left_new_dim=\dimen189
\l__box_right_new_dim=\dimen190
\l__box_internal_box=\box54
\l__coffin_bounding_shift_dim=\dimen191
\l__coffin_left_corner_dim=\dimen192
\l__coffin_right_corner_dim=\dimen193
\l__coffin_bottom_corner_dim=\dimen194
\l__coffin_top_corner_dim=\dimen195
\l__coffin_scaled_total_height_dim=\dimen196
\l__coffin_scaled_width_dim=\dimen197
)
(/usr/local/texlive/2015/texmf-dist/tex/latex/l3kernel/l3unicode-data.def
File: l3unicode-data.def 2015/03/01 v5544 L3 Unicode data
)
(/usr/local/texlive/2015/texmf-dist/tex/latex/l3kernel/l3xdvipdfmx.def
File: l3xdvidpfmx.def 2015/03/01 v5544 L3 Experimental driver: xdvipdfmx
))
Package: xparse 2014/11/25 v5471 L3 Experimental document command parser
\l__xparse_current_arg_int=\count145
\l__xparse_m_args_int=\count146
\l__xparse_mandatory_args_int=\count147
\l__xparse_processor_int=\count148
\l__xparse_v_nesting_int=\count149
)
(/usr/local/texlive/2015/texmf-dist/tex/latex/etoolbox/etoolbox.sty
Package: etoolbox 2015/05/04 v2.2 e-TeX tools for LaTeX (JAW)
\etb@tempcnta=\count150
)
(/usr/local/texlive/2015/texmf-dist/tex/latex/oberdiek/zref-abspage.sty
Package: zref-abspage 2012/04/04 v2.24 Module abspage for zref (HO)

(/usr/local/texlive/2015/texmf-dist/tex/latex/oberdiek/zref-base.sty
Package: zref-base 2012/04/04 v2.24 Module base for zref (HO)

(/usr/local/texlive/2015/texmf-dist/tex/generic/oberdiek/kvdefinekeys.sty
Package: kvdefinekeys 2011/04/07 v1.3 Define keys (HO)
)
(/usr/local/texlive/2015/texmf-dist/tex/generic/oberdiek/pdftexcmds.sty
Package: pdftexcmds 2011/11/29 v0.20 Utility functions of pdfTeX for LuaTeX (HO
)
Package pdftexcmds Info: LuaTeX not detected.
Package pdftexcmds Info: pdfTeX >= 1.30 not detected.
Package pdftexcmds Info: \pdf@primitive is available.
Package pdftexcmds Info: \pdf@ifprimitive is available.
Package pdftexcmds Info: \pdfdraftmode not found.
)
(/usr/local/texlive/2015/texmf-dist/tex/latex/oberdiek/auxhook.sty
Package: auxhook 2011/03/04 v1.3 Hooks for auxiliary files (HO)
)
Package zref Info: New property list: main on input line 759.
Package zref Info: New property: default on input line 760.
Package zref Info: New property: page on input line 761.
)
(/usr/local/texlive/2015/texmf-dist/tex/generic/oberdiek/atbegshi.sty
Package: atbegshi 2011/10/05 v1.16 At begin shipout hook (HO)
)
\c@abspage=\count151
Package zref Info: New property: abspage on input line 62.
)
(/usr/local/texlive/2015/texmf-dist/tex/latex/needspace/needspace.sty
Package: needspace 2010/09/12 v1.3d reserve vertical space
)
\mdf@templength=\skip59
\c@mdf@globalstyle@cnt=\count152
\mdf@skipabove@length=\skip60
\mdf@skipbelow@length=\skip61
\mdf@leftmargin@length=\skip62
\mdf@rightmargin@length=\skip63
\mdf@innerleftmargin@length=\skip64
\mdf@innerrightmargin@length=\skip65
\mdf@innertopmargin@length=\skip66
\mdf@innerbottommargin@length=\skip67
\mdf@splittopskip@length=\skip68
\mdf@splitbottomskip@length=\skip69
\mdf@outermargin@length=\skip70
\mdf@innermargin@length=\skip71
\mdf@linewidth@length=\skip72
\mdf@innerlinewidth@length=\skip73
\mdf@middlelinewidth@length=\skip74
\mdf@outerlinewidth@length=\skip75
\mdf@roundcorner@length=\skip76
\mdf@footenotedistance@length=\skip77
\mdf@userdefinedwidth@length=\skip78
\mdf@needspace@length=\skip79
\mdf@frametitleaboveskip@length=\skip80
\mdf@frametitlebelowskip@length=\skip81
\mdf@frametitlerulewidth@length=\skip82
\mdf@frametitleleftmargin@length=\skip83
\mdf@frametitlerightmargin@length=\skip84
\mdf@shadowsize@length=\skip85
\mdf@extratopheight@length=\skip86
\mdf@subtitleabovelinewidth@length=\skip87
\mdf@subtitlebelowlinewidth@length=\skip88
\mdf@subtitleaboveskip@length=\skip89
\mdf@subtitlebelowskip@length=\skip90
\mdf@subtitleinneraboveskip@length=\skip91
\mdf@subtitleinnerbelowskip@length=\skip92
\mdf@subsubtitleabovelinewidth@length=\skip93
\mdf@subsubtitlebelowlinewidth@length=\skip94
\mdf@subsubtitleaboveskip@length=\skip95
\mdf@subsubtitlebelowskip@length=\skip96
\mdf@subsubtitleinneraboveskip@length=\skip97
\mdf@subsubtitleinnerbelowskip@length=\skip98

(/usr/local/texlive/2015/texmf-dist/tex/latex/mdframed/md-frame-0.mdf
File: md-frame-0.mdf 2013/07/01\ 1.9b: md-frame-0
)
\mdf@frametitlebox=\box55
\mdf@footnotebox=\box56
\mdf@splitbox@one=\box57
\mdf@splitbox@two=\box58
\mdf@splitbox@save=\box59
\mdfsplitboxwidth=\skip99
\mdfsplitboxtotalwidth=\skip100
\mdfsplitboxheight=\skip101
\mdfsplitboxdepth=\skip102
\mdfsplitboxtotalheight=\skip103
\mdfframetitleboxwidth=\skip104
\mdfframetitleboxtotalwidth=\skip105
\mdfframetitleboxheight=\skip106
\mdfframetitleboxdepth=\skip107
\mdfframetitleboxtotalheight=\skip108
\mdffootnoteboxwidth=\skip109
\mdffootnoteboxtotalwidth=\skip110
\mdffootnoteboxheight=\skip111
\mdffootnoteboxdepth=\skip112
\mdffootnoteboxtotalheight=\skip113
\mdftotallinewidth=\skip114
\mdfboundingboxwidth=\skip115
\mdfboundingboxtotalwidth=\skip116
\mdfboundingboxheight=\skip117
\mdfboundingboxdepth=\skip118
\mdfboundingboxtotalheight=\skip119
\mdf@freevspace@length=\skip120
\mdf@horizontalwidthofbox@length=\skip121
\mdf@verticalmarginwhole@length=\skip122
\mdf@horizontalspaceofbox=\skip123
\mdfsubtitleheight=\skip124
\mdfsubsubtitleheight=\skip125
\c@mdfcountframes=\count153

****** mdframed patching \endmdf@trivlist

****** -- success******

.................................................
. LaTeX info: "xparse/define-command"
. 
. Defining command \newmdtheoremenv with sig. 'O{} m o m o ' on line 601.
.................................................
.................................................
. LaTeX info: "xparse/define-command"
. 
. Defining command \mdtheorem with sig. ' O{} m o m o ' on line 701.
.................................................
\mdf@envdepth=\count154
\c@mdf@env@i=\count155
\c@mdf@env@ii=\count156
\c@mdf@zref@counter=\count157
Package zref Info: New property: mdf@pagevalue on input line 895.
)
(/usr/local/texlive/2015/texmf-dist/tex/latex/caption/caption.sty
Package: caption 2013/05/02 v3.3-89 Customizing captions (AR)

(/usr/local/texlive/2015/texmf-dist/tex/latex/caption/caption3.sty
Package: caption3 2013/05/02 v1.6-88 caption3 kernel (AR)
Package caption3 Info: TeX engine: e-TeX on input line 57.
\captionmargin=\dimen198
\captionmargin@=\dimen199
\captionwidth=\dimen200
\caption@tempdima=\dimen201
\caption@indent=\dimen202
\caption@parindent=\dimen203
\caption@hangindent=\dimen204
)
\c@ContinuedFloat=\count158
)
(/usr/local/texlive/2015/texmf-dist/tex/latex/float/float.sty
Package: float 2001/11/08 v1.3d Float enhancements (AL)
\c@float@type=\count159
\float@exts=\toks30
\float@box=\box60
\@float@everytoks=\toks31
\@floatcapt=\box61
)
(/usr/local/texlive/2015/texmf-dist/tex/latex/diagbox/diagbox.sty
Package: diagbox 2011/11/23 v2.0 Making table heads with diagonal lines

(/usr/local/texlive/2015/texmf-dist/tex/latex/pict2e/pict2e.sty
Package: pict2e 2014/01/12 v0.2z Improved picture commands (HjG,RN,JT)

(/usr/local/texlive/2015/texmf-dist/tex/latex/pict2e/pict2e.cfg
File: pict2e.cfg 2011/04/05 v0.1t pict2e configuration for teTeX/TeXLive
)
Package pict2e Info: Driver file: xetex.def on input line 119.
Package pict2e Info: Driver file for pict2e: p2e-xetex.def on input line 121.

(/usr/local/texlive/2015/texmf-dist/tex/latex/pict2e/p2e-xetex.def
File: p2e-xetex.def 2011/04/05 v0.1t Driver-dependant file (RN,HjG,JT)
)
(/usr/local/texlive/2015/texmf-dist/tex/latex/graphics/trig.sty
Package: trig 1999/03/16 v1.09 sin cos tan (DPC)
)
\pIIe@GRAPH=\toks32
\@arclen=\dimen205
\@arcrad=\dimen206
\@tempdimd=\dimen207
)
(/usr/local/texlive/2015/texmf-dist/tex/latex/fp/fp.sty
Package: fp 1995/04/02

`Fixed Point Package', Version 0.8, April 2, 1995 (C) Michael Mehlich
(/usr/local/texlive/2015/texmf-dist/tex/latex/fp/defpattern.sty
Package: defpattern 1994/10/12
\actioncount=\count160
)
(/usr/local/texlive/2015/texmf-dist/tex/latex/fp/fp-basic.sty
Package: fp-basic 1996/05/13
\FP@xs=\count161
\FP@xia=\count162
\FP@xib=\count163
\FP@xfa=\count164
\FP@xfb=\count165
\FP@rega=\count166
\FP@regb=\count167
\FP@regs=\count168
\FP@times=\count169
)
(/usr/local/texlive/2015/texmf-dist/tex/latex/fp/fp-addons.sty
Package: fp-addons 1995/03/15
)
(/usr/local/texlive/2015/texmf-dist/tex/latex/fp/fp-snap.sty
Package: fp-snap 1995/04/05
)
(/usr/local/texlive/2015/texmf-dist/tex/latex/fp/fp-exp.sty
Package: fp-exp 1995/04/03
)
(/usr/local/texlive/2015/texmf-dist/tex/latex/fp/fp-trigo.sty
Package: fp-trigo 1995/04/14
)
(/usr/local/texlive/2015/texmf-dist/tex/latex/fp/fp-pas.sty
Package: fp-pas 1994/08/29
)
(/usr/local/texlive/2015/texmf-dist/tex/latex/fp/fp-random.sty
Package: fp-random 1995/02/23
\FPseed=\count170
)
(/usr/local/texlive/2015/texmf-dist/tex/latex/fp/fp-eqn.sty
Package: fp-eqn 1995/04/03
)
(/usr/local/texlive/2015/texmf-dist/tex/latex/fp/fp-upn.sty
Package: fp-upn 1996/10/21
)
(/usr/local/texlive/2015/texmf-dist/tex/latex/fp/fp-eval.sty
Package: fp-eval 1995/04/03
))
\diagbox@boxa=\box62
\diagbox@boxb=\box63
\diagbox@boxm=\box64
\diagbox@wd=\dimen208
\diagbox@ht=\dimen209
\diagbox@sepl=\dimen210
\diagbox@sepr=\dimen211
)
\c@thm=\count171
\c@example=\count172

(/usr/local/texlive/2015/texmf-dist/tex/latex/listings/listings.sty
\lst@mode=\count173
\lst@gtempboxa=\box65
\lst@token=\toks33
\lst@length=\count174
\lst@currlwidth=\dimen212
\lst@column=\count175
\lst@pos=\count176
\lst@lostspace=\dimen213
\lst@width=\dimen214
\lst@newlines=\count177
\lst@lineno=\count178
\lst@maxwidth=\dimen215

(/usr/local/texlive/2015/texmf-dist/tex/latex/listings/lstmisc.sty
File: lstmisc.sty 2014/09/06 1.5e (Carsten Heinz)
\c@lstnumber=\count179
\lst@skipnumbers=\count180
\lst@framebox=\box66
)
(/usr/local/texlive/2015/texmf-dist/tex/latex/listings/listings.cfg
File: listings.cfg 2014/09/06 1.5e listings configuration
))
Package: listings 2014/09/06 1.5e (Carsten Heinz)
Package color Info: Redefining color blue on input line 35.

(./lang-style.tex) (./main.aux

LaTeX Warning: Label `eq-lem24-c3-{8}' multiply defined.

)
\openout1 = `main.aux'.

LaTeX Font Info:    Checking defaults for OML/cmm/m/it on input line 316.
LaTeX Font Info:    ... okay on input line 316.
LaTeX Font Info:    Checking defaults for T1/cmr/m/n on input line 316.
LaTeX Font Info:    ... okay on input line 316.
LaTeX Font Info:    Checking defaults for OT1/cmr/m/n on input line 316.
LaTeX Font Info:    ... okay on input line 316.
LaTeX Font Info:    Checking defaults for OMS/cmsy/m/n on input line 316.
LaTeX Font Info:    ... okay on input line 316.
LaTeX Font Info:    Checking defaults for OMX/cmex/m/n on input line 316.
LaTeX Font Info:    ... okay on input line 316.
LaTeX Font Info:    Checking defaults for U/cmr/m/n on input line 316.
LaTeX Font Info:    ... okay on input line 316.
 (/usr/local/texlive/2015/texmf-dist/tex/latex/graphics/graphicx.sty
Package: graphicx 2014/10/28 v1.0g Enhanced LaTeX Graphics (DPC,SPQR)

(/usr/local/texlive/2015/texmf-dist/tex/latex/graphics/graphics.sty
Package: graphics 2014/10/28 v1.0p Standard LaTeX Graphics (DPC,SPQR)

(/usr/local/texlive/2015/texmf-dist/tex/latex/latexconfig/graphics.cfg
File: graphics.cfg 2010/04/23 v1.9 graphics configuration of TeX Live
)
Package graphics Info: Driver file: xetex.def on input line 94.
)
\Gin@req@height=\dimen216
\Gin@req@width=\dimen217
)
*geometry* driver: auto-detecting
*geometry* detected driver: xetex
*geometry* verbose mode - [ preamble ] result:
* driver: xetex
* paper: a4paper
* layout: <same size as paper>
* layoutoffset:(h,v)=(0.0pt,0.0pt)
* modes: 
* h-part:(L,W,R)=(85.35826pt, 426.79135pt, 85.35826pt)
* v-part:(T,H,B)=(85.35826pt, 674.33032pt, 85.35826pt)
* \paperwidth=597.50787pt
* \paperheight=845.04684pt
* \textwidth=426.79135pt
* \textheight=674.33032pt
* \oddsidemargin=13.08827pt
* \evensidemargin=13.08827pt
* \topmargin=-23.91173pt
* \headheight=12.0pt
* \headsep=25.0pt
* \topskip=10.0pt
* \footskip=30.0pt
* \marginparwidth=57.0pt
* \marginparsep=11.0pt
* \columnsep=10.0pt
* \skip\footins=9.0pt plus 4.0pt minus 2.0pt
* \hoffset=0.0pt
* \voffset=0.0pt
* \mag=1000
* \@twocolumnfalse
* \@twosidefalse
* \@mparswitchfalse
* \@reversemarginfalse
* (1in=72.27pt=25.4mm, 1cm=28.453pt)

\AtBeginShipoutBox=\box67
Package caption Info: Begin \AtBeginDocument code.
Package caption Info: float package is loaded.
Package caption Info: listings package is loaded.
Package caption Info: End \AtBeginDocument code.
\c@lstlisting=\count181
LaTeX Font Info:    Try loading font information for U+msa on input line 317.
(/usr/local/texlive/2015/texmf-dist/tex/latex/amsfonts/umsa.fd
File: umsa.fd 2013/01/14 v3.01 AMS symbols A
)
LaTeX Font Info:    Try loading font information for U+msb on input line 317.

(/usr/local/texlive/2015/texmf-dist/tex/latex/amsfonts/umsb.fd
File: umsb.fd 2013/01/14 v3.01 AMS symbols B
) [1

] [1]
(./main.toc [1

])
\tf@toc=\write3
\openout3 = `main.toc'.

 (./intro.tex [2]
Chapter 1.
[3

]
Underfull \hbox (badness 10000) in paragraph at lines 45--47

 []

(./code/wordpart.nesl
LaTeX Font Info:    Font shape `OT1/cmtt/bx/n' in size <10> not available
(Font)              Font shape `OT1/cmtt/m/n' tried instead on input line 3.
) [4]
Underfull \hbox (badness 10000) in paragraph at lines 72--73

 []

[5] [6] [7]
Underfull \hbox (badness 2027) in paragraph at lines 189--189
[]$[] \OT1/cmr/m/n/12 : \OMS/cmsy/m/n/12 f\OML/cmm/m/it/12 ^^[[]\OMS/cmsy/m/n/1
2 g ^^B \OML/cmm/m/it/12 ::: \OMS/cmsy/m/n/12 ^^B f\OML/cmm/m/it/12 ^^[[]\OMS/c
msy/m/n/12 g !
 []


Underfull \hbox (badness 5036) in paragraph at lines 191--191
\OT1/cmr/m/n/12 e.g., $[](\OMS/cmsy/m/n/12 f\OT1/cmr/m/n/12 3\OML/cmm/m/it/12 ;
 \OT1/cmr/m/n/12 1\OML/cmm/m/it/12 ; \OT1/cmr/m/n/12 4\OMS/cmsy/m/n/12 g\OML/cm
m/m/it/12 ; \OMS/cmsy/m/n/12 f\OT1/cmtt/m/n/12 F\OML/cmm/m/it/12 ; \OT1/cmtt/m/
n/12 F\OML/cmm/m/it/12 ; \OT1/cmtt/m/n/12 T\OML/cmm/m/it/12 ; \OT1/cmtt/m/n/12 
F\OML/cmm/m/it/12 ; \OT1/cmtt/m/n/12 T\OML/cmm/m/it/12 ; \OT1/cmtt/m/n/12 T\OMS
/cmsy/m/n/12 g\OT1/cmr/m/n/12 ) =
 []

(./code/wordpart.snesl) [8] [9]) (./imple.tex [10]
Chapter 2.
[11

]
LaTeX Font Info:    Try loading font information for OMS+cmr on input line 72.
 (/usr/local/texlive/2015/texmf-dist/tex/latex/base/omscmr.fd
File: omscmr.fd 2014/09/29 v2.5h Standard LaTeX font definitions
)
LaTeX Font Info:    Font shape `OMS/cmr/m/n' in size <12> not available
(Font)              Font shape `OMS/cmsy/m/n' tried instead on input line 72.

Underfull \hbox (badness 10000) in paragraph at lines 141--141

 []

\myBox1=\box68
\myScoreStart1=\dimen218
\myCenter1=\dimen219
\myScoreEnd1=\dimen220
\myBox2=\box69
\myScoreStart2=\dimen221
\myCenter2=\dimen222
\myScoreEnd2=\dimen223
\myBox3=\box70
\myScoreStart3=\dimen224
\myCenter3=\dimen225
\myScoreEnd3=\dimen226

Underfull \hbox (badness 10000) in paragraph at lines 141--141
[]
 []

[12]
Underfull \hbox (badness 10000) in paragraph at lines 163--163

 []


Underfull \hbox (badness 10000) in paragraph at lines 166--171

 []

[13]
Underfull \hbox (badness 10000) in paragraph at lines 175--177

 []


Underfull \hbox (badness 10000) in paragraph at lines 236--236

 []


Underfull \hbox (badness 10000) in paragraph at lines 241--242

 []

[14] [15] [16] [17]

LaTeX Warning: `!h' float specifier changed to `!ht'.

[18]
Underfull \hbox (badness 10000) in paragraph at lines 519--520

 []

[19]
File: fig/map.png Graphic file (type QTm)
 <use  "fig/map.png" >
Underfull \hbox (badness 10000) in paragraph at lines 530--531

 []

File: fig/xducerDag2.png Graphic file (type QTm)
<use  "fig/xducerDag2.png" >
Overfull \hbox (42.68173pt too wide) in paragraph at lines 554--554
[][] 
 []


Underfull \hbox (badness 10000) in paragraph at lines 557--561

 []

[20] [21]
Underfull \hbox (badness 10000) in paragraph at lines 625--626

 []

File: fig/usum.png Graphic file (type QTm)
<use  "fig/usum.png" >
Overfull \hbox (24.04619pt too wide) in paragraph at lines 635--643
[]
 []


Underfull \hbox (badness 10000) in paragraph at lines 635--643

 []

[22]
Underfull \hbox (badness 10000) in paragraph at lines 668--669

 []

File: fig/distr.png Graphic file (type QTm)
<use  "fig/distr.png" > [23]
Underfull \hbox (badness 10000) in paragraph at lines 698--699

 []

File: fig/b2uxducer.png Graphic file (type QTm)
<use  "fig/b2uxducer.png" >
Underfull \hbox (badness 10000) in paragraph at lines 718--719

 []

File: fig/packxducer.png Graphic file (type QTm)
<use  "fig/packxducer.png" >
Overfull \hbox (0.65643pt too wide) in paragraph at lines 725--726
[]\OT1/cmr/bx/n/12 Example 2.19. []$[]\OT1/cmr/m/n/12 ([]\OML/cmm/m/it/12 ; \OM
S/cmsy/m/n/12 h\OT1/cmtt/m/n/12 F\OML/cmm/m/it/12 ; \OT1/cmtt/m/n/12 T\OML/cmm/
m/it/12 ; \OT1/cmtt/m/n/12 F\OML/cmm/m/it/12 ; \OT1/cmtt/m/n/12 F\OML/cmm/m/it/
12 ; \OT1/cmtt/m/n/12 T\OML/cmm/m/it/12 ; \OT1/cmtt/m/n/12 F\OML/cmm/m/it/12 ; 
\OT1/cmtt/m/n/12 F\OML/cmm/m/it/12 ; \OT1/cmtt/m/n/12 F\OML/cmm/m/it/12 ; \OT1/
cmtt/m/n/12 T\OMS/cmsy/m/n/12 i\OT1/cmr/m/n/12 )$ with con-trol stream $\OMS/cm
sy/m/n/12 h\OT1/cmr/m/n/12 ()\OML/cmm/m/it/12 ; \OT1/cmr/m/n/12 ()\OML/cmm/m/it
/12 ; \OT1/cmr/m/n/12 ()\OMS/cmsy/m/n/12 i$ 
 []


Underfull \hbox (badness 10000) in paragraph at lines 725--726

 []

File: fig/upackxducer.png Graphic file (type QTm)
<use  "fig/upackxducer.png" > [24]
Underfull \hbox (badness 10000) in paragraph at lines 754--755

 []

File: fig/toflag.png Graphic file (type QTm)
<use  "fig/toflag.png" >
Overfull \hbox (9.4648pt too wide) in paragraph at lines 761--762
[]\OT1/cmr/bx/n/12 Example 2.21. []$[][]\OT1/cmr/m/n/12 (\OMS/cmsy/m/n/12 h\OT1
/cmtt/m/n/12 F\OML/cmm/m/it/12 ; \OT1/cmtt/m/n/12 F\OML/cmm/m/it/12 ; \OT1/cmtt
/m/n/12 F\OML/cmm/m/it/12 ; \OT1/cmtt/m/n/12 T\OML/cmm/m/it/12 ; \OT1/cmtt/m/n/
12 F\OML/cmm/m/it/12 ; \OT1/cmtt/m/n/12 T\OMS/cmsy/m/n/12 i\OML/cmm/m/it/12 ; \
OMS/cmsy/m/n/12 h\OT1/cmr/m/n/12 2\OML/cmm/m/it/12 ; \OT1/cmr/m/n/12 5\OML/cmm/
m/it/12 ; \OT1/cmr/m/n/12 3\OML/cmm/m/it/12 ; \OT1/cmr/m/n/12 6\OMS/cmsy/m/n/12
 i\OT1/cmr/m/n/12 )$ with con-trol stream $\OMS/cmsy/m/n/12 h\OT1/cmr/m/n/12 ()
\OML/cmm/m/it/12 ; \OT1/cmr/m/n/12 ()\OMS/cmsy/m/n/12 i$\OT1/cmr/m/n/12 : 
 []


Underfull \hbox (badness 10000) in paragraph at lines 761--762

 []

File: fig/scan.png Graphic file (type QTm)
<use  "fig/scan.png" > [25]
Underfull \hbox (badness 10000) in paragraph at lines 784--785

 []

File: fig/segconcatxducer.png Graphic file (type QTm)
<use  "fig/segconcatxducer.png" >
Underfull \hbox (badness 10000) in paragraph at lines 797--798

 []

File: fig/usegcountxducer.png Graphic file (type QTm)
<use  "fig/usegcountxducer.png" > [26] [27]
Overfull \hbox (4.45636pt too wide) in paragraph at lines 867--869
\OT1/cmr/m/n/12 where ar-gu-ment trees $[][]\OML/cmm/m/it/12 ; :::; [][]$ \OT1/
cmr/m/n/12 are gen-er-ated from their cor-re-spond-ing types $\OML/cmm/m/it/12 
^^\[]; :::; ^^\[]$
 []

[28]
Missing character: There is no 　 in font cmr12!
 [29]
File: fig/process.png Graphic file (type QTm)
 <use  "fig/process.png" > [30]
Underfull \hbox (badness 10000) in paragraph at lines 991--991
[]\OT1/cmtt/m/n/12 process-read\OT1/cmr/m/n/12 ;
 []


Underfull \hbox (badness 5696) in paragraph at lines 993--994
[]\OT1/cmr/m/n/12 write one el-e-ment to
 []


Underfull \hbox (badness 10000) in paragraph at lines 994--994
[]\OT1/cmr/m/n/12 enter write-block;
 []


Overfull \hbox (26.44917pt too wide) in paragraph at lines 988--999
 [][] 
 []

[31]
Overfull \hbox (0.96353pt too wide) in paragraph at lines 1030--1034
\OT1/cmr/m/n/12 places the func-tion's for-mal ar-gu-ments with the ac-tual pa-
ram-e-ters $[\OML/cmm/m/it/12 s[]; :::; s[]\OT1/cmr/m/n/12 ]$,
 []

[32] (./code/fact1.svcode [33])
Underfull \hbox (badness 10000) in paragraph at lines 1120--1121

 []


Underfull \hbox (badness 10000) in paragraph at lines 1131--1133

 []


Underfull \hbox (badness 10000) in paragraph at lines 1141--1145

 []

[34]
Underfull \hbox (badness 10000) in paragraph at lines 1166--1169

 []

(./code/harddeadlock.snesl)
Underfull \hbox (badness 10000) in paragraph at lines 1180--1182

 []

[35] (./code/uc_scanred.snesl)) (./snesl0-proof.tex [36]
Chapter 3.
[37

]
Underfull \hbox (badness 10000) in paragraph at lines 69--70

 []


Underfull \hbox (badness 10000) in paragraph at lines 71--72

 []


Underfull \hbox (badness 10000) in paragraph at lines 77--83

 []


Underfull \hbox (badness 10000) in paragraph at lines 89--90

 []


Underfull \hbox (badness 10000) in paragraph at lines 95--96

 []


Underfull \hbox (badness 10000) in paragraph at lines 98--99

 []


Underfull \hbox (badness 10000) in paragraph at lines 100--101

 []


Underfull \hbox (badness 10000) in paragraph at lines 102--105

 []


Underfull \hbox (badness 10000) in paragraph at lines 107--108

 []


Underfull \hbox (badness 10000) in paragraph at lines 109--110

 []

[38]
Underfull \hbox (badness 10000) in paragraph at lines 125--136

 []


Underfull \hbox (badness 10000) in paragraph at lines 141--142

 []


Overfull \hbox (24.31514pt too wide) in paragraph at lines 147--148
[][]
 []


Underfull \hbox (badness 10000) in paragraph at lines 147--148

 []


Underfull \hbox (badness 10000) in paragraph at lines 151--152

 []


Underfull \hbox (badness 10000) in paragraph at lines 153--157

 []

[39]
Underfull \hbox (badness 10000) in paragraph at lines 225--226

 []


Underfull \hbox (badness 10000) in paragraph at lines 227--230

 []


Underfull \hbox (badness 10000) in paragraph at lines 240--241

 []


Underfull \hbox (badness 10000) in paragraph at lines 250--251

 []

[40]
Overfull \hbox (23.03923pt too wide) in paragraph at lines 273--274
[]\OT1/cmr/bx/n/12 Notation 3.4 \OT1/cmr/m/n/12 (\OT1/cmr/bx/n/12 Stream con-ca
te-na-tion\OT1/cmr/m/n/12 )\OT1/cmr/bx/n/12 . []$\OMS/cmsy/m/n/12 h\OML/cmm/m/i
t/12 a[]; :::; a[]\OMS/cmsy/m/n/12 i[]h\OML/cmm/m/it/12 a[]; :::; a[]\OMS/cmsy/
m/n/12 i \OT1/cmr/m/n/12 = \OMS/cmsy/m/n/12 h\OML/cmm/m/it/12 a[]; :::; a[]; a[
]; :::; a[]\OMS/cmsy/m/n/12 i$ 
 []


Underfull \hbox (badness 10000) in paragraph at lines 273--274

 []


Underfull \hbox (badness 10000) in paragraph at lines 286--287

 []


Underfull \hbox (badness 10000) in paragraph at lines 286--287

 []


Underfull \hbox (badness 10000) in paragraph at lines 289--290

 []


Underfull \hbox (badness 10000) in paragraph at lines 294--295

 []


Overfull \hbox (57.59837pt too wide) in paragraph at lines 306--316
[][]
 []


Overfull \hbox (85.98273pt too wide) in paragraph at lines 306--316
[] \OT1/cmr/m/n/12 : []$ 
 []


Underfull \hbox (badness 10000) in paragraph at lines 306--316

 []

[41]
Underfull \hbox (badness 10000) in paragraph at lines 345--346

 []


Underfull \hbox (badness 10000) in paragraph at lines 345--346

 []


Overfull \hbox (1.62958pt too wide) in paragraph at lines 352--353
[]$[] \OT1/cmr/m/n/12 : []$ 
 []


Underfull \hbox (badness 10000) in paragraph at lines 352--353

 []


Underfull \hbox (badness 10000) in paragraph at lines 361--369

 []


Underfull \hbox (badness 10000) in paragraph at lines 376--377

 []


Underfull \hbox (badness 10000) in paragraph at lines 376--377

 []


Underfull \hbox (badness 10000) in paragraph at lines 380--387

 []


Underfull \hbox (badness 10000) in paragraph at lines 393--396

 []


Underfull \hbox (badness 10000) in paragraph at lines 401--402

 []


Underfull \hbox (badness 10000) in paragraph at lines 405--406

 []


Underfull \hbox (badness 10000) in paragraph at lines 411--413

 []

[42]
Underfull \hbox (badness 10000) in paragraph at lines 516--517

 []


Underfull \hbox (badness 10000) in paragraph at lines 519--520

 []


Underfull \hbox (badness 10000) in paragraph at lines 521--528

 []

[43]
Overfull \hbox (0.79301pt too wide) in paragraph at lines 566--572
\OT1/cmr/m/n/12 Since both $[]$ and $[]$ are nonempty, $\OMS/cmsy/m/n/12 I[]$ \
OT1/cmr/m/n/12 and $\OMS/cmsy/m/n/12 I[]$ \OT1/cmr/m/n/12 must both use the rul
e $[]$,
 []

[44] [45] [46]
Underfull \hbox (badness 10000) in paragraph at lines 772--773

 []


Underfull \hbox (badness 10000) in paragraph at lines 774--775

 []


Underfull \hbox (badness 10000) in paragraph at lines 779--780

 []


Underfull \hbox (badness 10000) in paragraph at lines 784--785

 []


Underfull \hbox (badness 10000) in paragraph at lines 790--791

 []

[47]
Overfull \hbox (25.00003pt too wide) in paragraph at lines 792--812
[][]
 []


Underfull \hbox (badness 10000) in paragraph at lines 813--814

 []


Underfull \hbox (badness 10000) in paragraph at lines 815--816

 []


Underfull \hbox (badness 10000) in paragraph at lines 820--821

 []


Underfull \hbox (badness 10000) in paragraph at lines 825--826

 []


Underfull \hbox (badness 10000) in paragraph at lines 838--839

 []


Overfull \hbox (23.65555pt too wide) in paragraph at lines 847--848
[]\OT1/cmr/m/n/12 We an-no-tate the op-er-a-tion $[]$ with the high-level type 
to rep-re-sent $[] $values'
 []

[48]
Underfull \hbox (badness 10000) in paragraph at lines 865--866

 []


Underfull \hbox (badness 10000) in paragraph at lines 916--920

 []

[49]
Underfull \hbox (badness 10000) in paragraph at lines 982--984

 []

[50]
Underfull \hbox (badness 10000) in paragraph at lines 1039--1044

 []


Underfull \hbox (badness 10000) in paragraph at lines 1053--1057

 []


Underfull \hbox (badness 10000) in paragraph at lines 1080--1081

 []

[51]
Underfull \hbox (badness 10000) in paragraph at lines 1138--1139

 []

[52]
Underfull \hbox (badness 10000) in paragraph at lines 1163--1164

 []


Overfull \hbox (19.94879pt too wide) detected at line 1176
[] 
 []

[53]
Overfull \hbox (39.37672pt too wide) detected at line 1232
[] 
 []


Underfull \hbox (badness 10000) in paragraph at lines 1236--1238

 []


Underfull \hbox (badness 10000) in paragraph at lines 1239--1240

 []

[54]
Overfull \hbox (77.94368pt too wide) detected at line 1284
[] 
 []


Underfull \hbox (badness 10000) in paragraph at lines 1290--1292

 []

[55] [56]
Underfull \hbox (badness 10000) in paragraph at lines 1401--1404

 []

[57]
Underfull \hbox (badness 10000) in paragraph at lines 1405--1409

 []


Underfull \hbox (badness 10000) in paragraph at lines 1410--1411

 []


Overfull \hbox (8.70918pt too wide) in paragraph at lines 1412--1415
[]\OT1/cmr/m/n/12 Then us-ing $[]$ with $\OML/cmm/m/it/12 ^^[\OT1/cmr/m/n/12 (\
OT1/cmr/m/it/12 s[]\OT1/cmr/m/n/12 ) = \OMS/cmsy/m/n/12 h\OML/cmm/m/it/12 n[]\O
MS/cmsy/m/n/12 i$ \OT1/cmr/m/n/12 and $\OML/cmm/m/it/12 ^^[\OT1/cmr/m/n/12 (\OT
1/cmr/m/it/12 s[]\OT1/cmr/m/n/12 ) = \OMS/cmsy/m/n/12 h\OML/cmm/m/it/12 n[]\OMS
/cmsy/m/n/12 i$\OT1/cmr/m/n/12 , and us-ing $[]$
 []


Underfull \hbox (badness 10000) in paragraph at lines 1430--1431

 []

[58]
Underfull \hbox (badness 10000) in paragraph at lines 1513--1514

 []


Underfull \hbox (badness 10000) in paragraph at lines 1515--1516

 []

[59]
Underfull \hbox (badness 10000) in paragraph at lines 1586--1588

 []

[60]
Underfull \hbox (badness 10000) in paragraph at lines 1635--1636

 []


Underfull \hbox (badness 10000) in paragraph at lines 1638--1639

 []

[61]
Underfull \hbox (badness 10000) in paragraph at lines 1712--1713

 []


Overfull \hbox (4.31828pt too wide) in paragraph at lines 1717--1727
[][] 
 []


Underfull \hbox (badness 10000) in paragraph at lines 1717--1727

 []


Overfull \hbox (6.04869pt too wide) in paragraph at lines 1728--1729
[]\OT1/cmr/m/n/12 in which for $\OMS/cmsy/m/n/12 8\OML/cmm/m/it/12 i \OMS/cmsy/
m/n/12 2 f\OT1/cmr/m/n/12 1\OML/cmm/m/it/12 ; :::; j\OMS/cmsy/m/n/12 g$\OT1/cmr
/m/n/12 , $\OMS/cmsy/m/n/12 P[]$ \OT1/cmr/m/n/12 is a deriva-tion of $[] \OMS/c
msy/m/n/12 +[]
 []


Overfull \hbox (85.93427pt too wide) detected at line 1747
[] 
 []


Underfull \hbox (badness 10000) in paragraph at lines 1750--1751

 []


Underfull \hbox (badness 10000) in paragraph at lines 1752--1754

 []


Overfull \hbox (4.31828pt too wide) in paragraph at lines 1755--1771
[][] 
 []

[62]
Underfull \hbox (badness 10000) in paragraph at lines 1774--1775

 []


Underfull \hbox (badness 10000) in paragraph at lines 1777--1778

 []


Underfull \hbox (badness 10000) in paragraph at lines 1792--1793

 []

[63]
Underfull \hbox (badness 10000) in paragraph at lines 1847--1848

 []

[64]
Underfull \hbox (badness 10000) in paragraph at lines 1877--1879

 []


Underfull \hbox (badness 10000) in paragraph at lines 1911--1912

 []


Overfull \hbox (48.12656pt too wide) in paragraph at lines 1917--1921
\OT1/cmr/m/n/12 Also, $\OML/cmm/m/it/12 ^^[[]\OT1/cmr/m/n/12 (\OT1/cmr/m/it/12 
s[]\OT1/cmr/m/n/12 ) = \OML/cmm/m/it/12 ^^[\OT1/cmr/m/n/12 (\OT1/cmr/m/it/12 s[
]\OT1/cmr/m/n/12 ) = \OMS/cmsy/m/n/12 h\OT1/cmtt/m/n/12 F[]\OML/cmm/m/it/12 ; :
::; \OT1/cmtt/m/n/12 F[]\OML/cmm/m/it/12 ; \OT1/cmtt/m/n/12 T\OMS/cmsy/m/n/12 i
$\OT1/cmr/m/n/12 , we now have $\OML/cmm/m/it/12 ^^[[]\OT1/cmr/m/n/12 (([][]\OM
L/cmm/m/it/12 ; \OT1/cmr/m/it/12 s[]\OT1/cmr/m/n/12 )) = (\OML/cmm/m/it/12 ^^[[
]\OT1/cmr/m/n/12 ([][])\OML/cmm/m/it/12 ; ^^[[]\OT1/cmr/m/n/12 (\OT1/cmr/m/it/1
2 s[]\OT1/cmr/m/n/12 )) =
 []


Underfull \hbox (badness 10000) in paragraph at lines 1924--1925

 []


Underfull \hbox (badness 10000) in paragraph at lines 1929--1934

 []

[65]
Underfull \hbox (badness 10000) in paragraph at lines 1936--1938

 []

) (./concl.tex [66]
Chapter 4.
) (./main.bbl [67

] [68

]) [69] (./main.aux)

LaTeX Warning: There were multiply-defined labels.

 ) 
Here is how much of TeX's memory you used:
 14723 strings out of 493706
 249046 string characters out of 6145768
 376276 words of memory out of 5000000
 17818 multiletter control sequences out of 15000+600000
 20441 words of font info for 77 fonts, out of 8000000 for 9000
 1328 hyphenation exceptions out of 8191
 39i,20n,50p,10438b,1548s stack positions out of 5000i,500n,10000p,200000b,80000s

Output written on main.pdf (71 pages).
